This is pdfTeX, Version 3.14159265-2.6-1.40.16 (TeX Live 2015/Debian) (preloaded format=pdflatex 2017.5.27)  28 MAY 2017 17:26
entering extended mode
 restricted \write18 enabled.
 %&-line parsing enabled.
 (/usr/share/texlive/texmf-dist/web2c/cp1250pl.tcx)
**Szablon.tex
(./Szablon.tex
LaTeX2e <2016/02/01>
Babel <3.9q> and hyphenation patterns for 4 language(s) loaded.

! LaTeX Error: File `mgrwms.cls' not found.

Type X to quit or <RETURN> to proceed,
or enter new name. (Default extension: cls)

Enter file name: x

 )
(\end occurred when \ifx on line 49 was incomplete)
(\end occurred when \ifx on line 49 was incomplete) 
Here is how much of TeX's memory you used:
 10 strings out of 494918
 187 string characters out of 6180101
 45670 words of memory out of 5000000
 3396 multiletter control sequences out of 15000+600000
 3640 words of font info for 14 fonts, out of 8000000 for 9000
 34 hyphenation exceptions out of 8191
 10i,0n,7p,93b,8s stack positions out of 5000i,500n,10000p,200000b,80000s

No pages of output.
PDF statistics:
 0 PDF objects out of 1000 (max. 8388607)
 0 named destinations out of 1000 (max. 500000)
 1 words of extra memory for PDF output out of 10000 (max. 10000000)

